[+] Containers:
 |- [+] Container: /Game/ThirdPerson/Maps/ThirdPersonMap
 |   |- [+] ActorDescs:
 |   |   |- Guid:0C577F004F8D5464E9E5F0950DEC0923 BaseClass: NativeClass:/Script/Engine.StaticMeshActor Name:StaticMeshActor_UAID_C42360A09F9C40F401_1345630110 Label:SM_QuarterCylinder17 SpatiallyLoaded:1 Bounds:IsValid=true, Min=(X=850.000 Y=4000.000 Z=-24.969), Max=(X=1050.000 Y=4200.000 Z=875.031) RuntimeGrid:None EditorOnly:0 RuntimeOnly:0 HLODRelevant:1 ListedInSceneOutliner:1 IsMainWorldOnly:0 FolderPath:MountainBase FolderGuid:D5E5F10144FAA9EA6D9217945097556E
 |   |   |- Guid:0D04DA6840A1407FA95234891E554222 BaseClass: NativeClass:/Script/Engine.StaticMeshActor Name:StaticMeshActor_UAID_C42360A09F9C3FF401_1863128927 Label:SM_Cube24 SpatiallyLoaded:1 Bounds:IsValid=true, Min=(X=1900.000 Y=500.000 Z=-24.969), Max=(X=4200.000 Y=1100.000 Z=775.031) RuntimeGrid:None EditorOnly:0 RuntimeOnly:0 HLODRelevant:1 ListedInSceneOutliner:1 IsMainWorldOnly:0 FolderPath:MountainBase FolderGuid:D5E5F10144FAA9EA6D9217945097556E
 |   |   |- Guid:1A21AA1141355FA3B9EA90992923F13F BaseClass: NativeClass:/Script/Engine.StaticMeshActor Name:StaticMeshActor_UAID_C42360A09F9C40F401_1737655113 Label:MovingPlatform5 SpatiallyLoaded:1 Bounds:IsValid=true, Min=(X=3800.000 Y=1450.000 Z=825.031), Max=(X=4200.000 Y=1850.000 Z=1225.031) RuntimeGrid:None EditorOnly:0 RuntimeOnly:0 HLODRelevant:1 ListedInSceneOutliner:1 IsMainWorldOnly:0 FolderPath:MountainMobileParts FolderGuid:D1F42041464395191D9403A9AB7F8E39
 |   |   |- Guid:1D3B682745F7B15A3F192AAF9EB7856E BaseClass: NativeClass:/Script/Engine.StaticMeshActor Name:StaticMeshActor_UAID_C42360A09F9C3EF401_1385842739 Label:SM_Ramp4 SpatiallyLoaded:1 Bounds:IsValid=true, Min=(X=1900.000 Y=3500.000 Z=-24.969), Max=(X=4200.000 Y=4000.000 Z=375.031) RuntimeGrid:None EditorOnly:0 RuntimeOnly:0 HLODRelevant:1 ListedInSceneOutliner:1 IsMainWorldOnly:0 FolderPath:MountainBase FolderGuid:D5E5F10144FAA9EA6D9217945097556E
 |   |   |- Guid:25A5EDA740CA292A00AD7AB11B013C25 BaseClass: NativeClass:/Script/Engine.StaticMeshActor Name:StaticMeshActor_UAID_C42360A09F9C3EF401_1891559743 Label:SM_Cube20 SpatiallyLoaded:1 Bounds:IsValid=true, Min=(X=0.000 Y=-700.000 Z=-122.000), Max=(X=6200.000 Y=4900.000 Z=-22.000) RuntimeGrid:None EditorOnly:0 RuntimeOnly:0 HLODRelevant:1 ListedInSceneOutliner:1 IsMainWorldOnly:0 FolderPath:MountainBase FolderGuid:D5E5F10144FAA9EA6D9217945097556E
 |   |   |- Guid:2FB58999456391D349DC0F86DAC136ED BaseClass: NativeClass:/Script/Engine.SkyLight Name:SkyLight_1 Label:SkyLight SpatiallyLoaded:0 Bounds:IsValid=true, Min=(X=5750.000 Y=0.000 Z=690.000), Max=(X=5750.000 Y=0.000 Z=690.000) RuntimeGrid:None EditorOnly:0 RuntimeOnly:0 HLODRelevant:0 ListedInSceneOutliner:1 IsMainWorldOnly:0 FolderPath:Lighting FolderGuid:963EC3EB4002CCE9759E2EBA541A873A
 |   |   |- Guid:316CF2A6494ACA4C0E4180A87D36AB8F BaseClass: NativeClass:/Script/Engine.ExponentialHeightFog Name:ExponentialHeightFog_0 Label:ExponentialHeightFog SpatiallyLoaded:0 Bounds:IsValid=true, Min=(X=150.000 Y=-50.000 Z=-6850.000), Max=(X=150.000 Y=-50.000 Z=-6850.000) RuntimeGrid:None EditorOnly:0 RuntimeOnly:0 HLODRelevant:0 ListedInSceneOutliner:1 IsMainWorldOnly:0 FolderPath:Lighting FolderGuid:963EC3EB4002CCE9759E2EBA541A873A
 |   |   |- Guid:3A00AA1C422CE54C0BDB60BAF471BFBB BaseClass: NativeClass:/Script/Engine.PlayerStart Name:PlayerStart_0 Label:PlayerStart SpatiallyLoaded:0 Bounds:IsValid=true, Min=(X=5610.000 Y=-30.000 Z=0.013), Max=(X=5690.000 Y=50.000 Z=184.013) RuntimeGrid:None EditorOnly:0 RuntimeOnly:0 HLODRelevant:0 ListedInSceneOutliner:1 IsMainWorldOnly:0
 |   |   |- Guid:403C10A24E72A1F197A7D1BE97227823 BaseClass: NativeClass:/Script/Engine.StaticMeshActor Name:StaticMeshActor_UAID_C42360A09F9C40F401_1345630111 Label:SM_QuarterCylinder18 SpatiallyLoaded:1 Bounds:IsValid=true, Min=(X=850.000 Y=4200.000 Z=-24.969), Max=(X=1050.000 Y=4400.000 Z=875.031) RuntimeGrid:None EditorOnly:0 RuntimeOnly:0 HLODRelevant:1 ListedInSceneOutliner:1 IsMainWorldOnly:0 FolderPath:MountainBase FolderGuid:D5E5F10144FAA9EA6D9217945097556E
 |   |   |- Guid:4B47B9C045E93A829570C9ACE3961134 BaseClass: NativeClass:/Script/Engine.StaticMeshActor Name:StaticMeshActor_UAID_C42360A09F9C3FF401_2062891930 Label:SM_Cube27 SpatiallyLoaded:1 Bounds:IsValid=true, Min=(X=1900.000 Y=3000.000 Z=-24.969), Max=(X=3800.000 Y=3500.000 Z=775.031) RuntimeGrid:None EditorOnly:0 RuntimeOnly:0 HLODRelevant:1 ListedInSceneOutliner:1 IsMainWorldOnly:0 FolderPath:MountainBase FolderGuid:D5E5F10144FAA9EA6D9217945097556E
 |   |   |- Guid:4C81A8BB4F4732B441CB3B97917FA0BC BaseClass: NativeClass:/Script/Engine.StaticMeshActor Name:StaticMeshActor_UAID_C42360A09F9C40F401_1345625108 Label:SM_QuarterCylinder15 SpatiallyLoaded:1 Bounds:IsValid=true, Min=(X=650.000 Y=4000.000 Z=-24.969), Max=(X=850.000 Y=4200.000 Z=875.031) RuntimeGrid:None EditorOnly:0 RuntimeOnly:0 HLODRelevant:1 ListedInSceneOutliner:1 IsMainWorldOnly:0 FolderPath:MountainBase FolderGuid:D5E5F10144FAA9EA6D9217945097556E
 |   |   |- Guid:4D3BE93F4146AAAC8BBE79999D96D57F BaseClass: NativeClass:/Script/Engine.VolumetricCloud Name:VolumetricCloud_0 Label:VolumetricCloud SpatiallyLoaded:0 Bounds:IsValid=true, Min=(X=5750.000 Y=0.000 Z=820.000), Max=(X=5750.000 Y=0.000 Z=820.000) RuntimeGrid:None EditorOnly:0 RuntimeOnly:0 HLODRelevant:0 ListedInSceneOutliner:1 IsMainWorldOnly:0 FolderPath:Lighting FolderGuid:963EC3EB4002CCE9759E2EBA541A873A
 |   |   |- Guid:4EA05CF54D1B112B097EEAB487FAD3B6 BaseClass: NativeClass:/Script/Engine.StaticMeshActor Name:StaticMeshActor_UAID_C42360A09F9C40F401_1884129114 Label:SM_Cube28 SpatiallyLoaded:1 Bounds:IsValid=true, Min=(X=0.000 Y=-699.857 Z=-24.969), Max=(X=4900.000 Y=0.143 Z=375.031) RuntimeGrid:None EditorOnly:0 RuntimeOnly:0 HLODRelevant:1 ListedInSceneOutliner:1 IsMainWorldOnly:0 FolderPath:MountainBase FolderGuid:D5E5F10144FAA9EA6D9217945097556E
 |   |   |- Guid:5B97F4A64FB21F77EFC44386BF705B4C BaseClass: NativeClass:/Script/Engine.TextRenderActor Name:TextRenderActor_1 Label:TextRenderActor SpatiallyLoaded:1 Bounds:IsValid=true, Min=(X=-0.100 Y=1100.000 Z=65.013), Max=(X=-0.100 Y=2392.308 Z=215.013) RuntimeGrid:None EditorOnly:0 RuntimeOnly:0 HLODRelevant:0 ListedInSceneOutliner:1 IsMainWorldOnly:0
 |   |   |- Guid:5F967BD949849A699CB61884325E534F BaseClass: NativeClass:/Script/Engine.StaticMeshActor Name:StaticMeshActor_UAID_C42360A09F9C3FF401_1093506921 Label:SM_Cube21 SpatiallyLoaded:1 Bounds:IsValid=true, Min=(X=0.000 Y=1100.000 Z=-24.969), Max=(X=1900.000 Y=3500.000 Z=1375.031) RuntimeGrid:None EditorOnly:0 RuntimeOnly:0 HLODRelevant:1 ListedInSceneOutliner:1 IsMainWorldOnly:0 FolderPath:MountainBase FolderGuid:D5E5F10144FAA9EA6D9217945097556E
 |   |   |- Guid:6BAF4DDD444C60371492D3919DB42C97 BaseClass: NativeClass:/Script/Engine.WorldDataLayers Name:WorldDataLayers Label:WorldDataLayers SpatiallyLoaded:0 Bounds:Invalid RuntimeGrid:None EditorOnly:0 RuntimeOnly:0 HLODRelevant:0 ListedInSceneOutliner:1 IsMainWorldOnly:1
 |   |   |- Guid:887CA37C4B70176B9DA1CFACAA5F3F30 BaseClass: NativeClass:/Script/Engine.StaticMeshActor Name:StaticMeshActor_UAID_C42360A09F9C3FF401_2004092929 Label:SM_Cube26 SpatiallyLoaded:1 Bounds:IsValid=true, Min=(X=0.000 Y=0.000 Z=-24.969), Max=(X=1300.000 Y=1100.000 Z=1375.031) RuntimeGrid:None EditorOnly:0 RuntimeOnly:0 HLODRelevant:1 ListedInSceneOutliner:1 IsMainWorldOnly:0 FolderPath:MountainBase FolderGuid:D5E5F10144FAA9EA6D9217945097556E
 |   |   |- Guid:92552F2A4416A684851219AFF30B34BB BaseClass: NativeClass:/Script/Engine.StaticMeshActor Name:StaticMeshActor_UAID_C42360A09F9C3FF401_1894892928 Label:SM_Cube25 SpatiallyLoaded:1 Bounds:IsValid=true, Min=(X=3800.000 Y=1100.000 Z=-24.969), Max=(X=4200.000 Y=3500.000 Z=775.031) RuntimeGrid:None EditorOnly:0 RuntimeOnly:0 HLODRelevant:1 ListedInSceneOutliner:1 IsMainWorldOnly:0 FolderPath:MountainBase FolderGuid:D5E5F10144FAA9EA6D9217945097556E
 |   |   |- Guid:9687427C4062A621418BE7950042C397 BaseClass: NativeClass:/Script/Engine.StaticMeshActor Name:StaticMeshActor_UAID_C42360A09F9C3FF401_2078660931 Label:SM_Ramp6 SpatiallyLoaded:1 Bounds:IsValid=true, Min=(X=1900.000 Y=3000.000 Z=775.031), Max=(X=3800.000 Y=3500.000 Z=1375.031) RuntimeGrid:None EditorOnly:0 RuntimeOnly:0 HLODRelevant:1 ListedInSceneOutliner:1 IsMainWorldOnly:0 FolderPath:MountainBase FolderGuid:D5E5F10144FAA9EA6D9217945097556E
 |   |   |- Guid:9841549D4DE31ACA3773E7B631D29FB7 BaseClass: NativeClass:/Script/Engine.StaticMeshActor Name:StaticMeshActor_UAID_C42360A09F9C40F401_1708711112 Label:MovingPlatform4 SpatiallyLoaded:1 Bounds:IsValid=true, Min=(X=3800.000 Y=2250.000 Z=825.031), Max=(X=4200.000 Y=2650.000 Z=1225.031) RuntimeGrid:None EditorOnly:0 RuntimeOnly:0 HLODRelevant:1 ListedInSceneOutliner:1 IsMainWorldOnly:0 FolderPath:MountainMobileParts FolderGuid:D1F42041464395191D9403A9AB7F8E39
 |   |   |- Guid:9BD4FDBC453FA170599E8B9C2D3823C4 BaseClass: NativeClass:/Script/Engine.StaticMeshActor Name:StaticMeshActor_UAID_C42360A09F9C40F401_1345629109 Label:SM_QuarterCylinder16 SpatiallyLoaded:1 Bounds:IsValid=true, Min=(X=650.000 Y=4200.000 Z=-24.969), Max=(X=850.000 Y=4400.000 Z=875.031) RuntimeGrid:None EditorOnly:0 RuntimeOnly:0 HLODRelevant:1 ListedInSceneOutliner:1 IsMainWorldOnly:0 FolderPath:MountainBase FolderGuid:D5E5F10144FAA9EA6D9217945097556E
 |   |   |- Guid:AA278B3148F3E834E86D00838CE2B87F BaseClass: NativeClass:/Script/Engine.StaticMeshActor Name:StaticMeshActor_UAID_C42360A09F9C3FF401_1827750926 Label:SM_Cube23 SpatiallyLoaded:1 Bounds:IsValid=true, Min=(X=1300.000 Y=0.000 Z=-24.969), Max=(X=1900.000 Y=1100.000 Z=775.031) RuntimeGrid:None EditorOnly:0 RuntimeOnly:0 HLODRelevant:1 ListedInSceneOutliner:1 IsMainWorldOnly:0 FolderPath:MountainBase FolderGuid:D5E5F10144FAA9EA6D9217945097556E
 |   |   |- Guid:B14D3B6D492E4ADED9EB6083B3FAE832 BaseClass: NativeClass:/Script/Engine.StaticMeshActor Name:StaticMeshActor_UAID_C42360A09F9C3EF401_1517052740 Label:SM_Cube17 SpatiallyLoaded:1 Bounds:IsValid=true, Min=(X=4200.000 Y=3300.000 Z=-24.969), Max=(X=4900.000 Y=4000.000 Z=375.031) RuntimeGrid:None EditorOnly:0 RuntimeOnly:0 HLODRelevant:1 ListedInSceneOutliner:1 IsMainWorldOnly:0 FolderPath:MountainBase FolderGuid:D5E5F10144FAA9EA6D9217945097556E
 |   |   |- Guid:B785ED2844B84CFB91E7F39FE661CD99 BaseClass: NativeClass:/Script/Engine.DirectionalLight Name:DirectionalLight_0 Label:DirectionalLight SpatiallyLoaded:0 Bounds:IsValid=true, Min=(X=-4398046511104.000 Y=-4398046511104.000 Z=-4398046511104.000), Max=(X=4398046511104.000 Y=4398046511104.000 Z=4398046511104.000) RuntimeGrid:None EditorOnly:0 RuntimeOnly:0 HLODRelevant:0 ListedInSceneOutliner:1 IsMainWorldOnly:0 FolderPath:Lighting FolderGuid:963EC3EB4002CCE9759E2EBA541A873A
 |   |   |- Guid:C41D25D44E335D23E0ADCFB7FDE623E8 BaseClass: NativeClass:/Script/Engine.StaticMeshActor Name:StaticMeshActor_UAID_C42360A09F9C3EF401_2114345744 Label:SM_Ramp5 SpatiallyLoaded:1 Bounds:IsValid=true, Min=(X=1900.000 Y=-0.000 Z=375.031), Max=(X=4200.000 Y=500.000 Z=775.031) RuntimeGrid:None EditorOnly:0 RuntimeOnly:0 HLODRelevant:1 ListedInSceneOutliner:1 IsMainWorldOnly:0 FolderPath:MountainBase FolderGuid:D5E5F10144FAA9EA6D9217945097556E
 |   |   |- Guid:C7BA81BC4ABA1FD094445EB744E19010 BaseClass: NativeClass:/Script/Engine.StaticMeshActor Name:StaticMeshActor_UAID_C42360A09F9C40F401_2014612115 Label:SM_ChamferCube4 SpatiallyLoaded:1 Bounds:IsValid=true, Min=(X=550.000 Y=-500.000 Z=375.531), Max=(X=650.000 Y=-400.000 Z=475.531) RuntimeGrid:None EditorOnly:0 RuntimeOnly:0 HLODRelevant:0 ListedInSceneOutliner:1 IsMainWorldOnly:0 FolderPath:MountainMobileParts FolderGuid:D1F42041464395191D9403A9AB7F8E39
 |   |   |- Guid:CCFF262C46EEFFDF319E7F9539CE697E BaseClass: NativeClass:/Script/Engine.SkyAtmosphere Name:SkyAtmosphere_0 Label:SkyAtmosphere SpatiallyLoaded:0 Bounds:IsValid=true, Min=(X=5750.000 Y=0.000 Z=1020.000), Max=(X=5750.000 Y=0.000 Z=1020.000) RuntimeGrid:None EditorOnly:0 RuntimeOnly:0 HLODRelevant:0 ListedInSceneOutliner:1 IsMainWorldOnly:0 FolderPath:Lighting FolderGuid:963EC3EB4002CCE9759E2EBA541A873A
 |   |   |- Guid:D3AE96D54FEB23AE70269189C7588A8E BaseClass: NativeClass:/Script/Engine.StaticMeshActor Name:StaticMeshActor_UAID_C42360A09F9C3FF401_1306884923 Label:MovingPlatform1 SpatiallyLoaded:1 Bounds:IsValid=true, Min=(X=4200.000 Y=2550.000 Z=175.031), Max=(X=4600.000 Y=2950.000 Z=375.031) RuntimeGrid:None EditorOnly:0 RuntimeOnly:0 HLODRelevant:1 ListedInSceneOutliner:1 IsMainWorldOnly:0 FolderPath:MountainMobileParts FolderGuid:D1F42041464395191D9403A9AB7F8E39
 |   |   |- Guid:E6A5420E45089701502433AF1C35029C BaseClass: NativeClass:/Script/Engine.StaticMeshActor Name:StaticMeshActor_UAID_C42360A09F9C3FF401_1341461925 Label:MovingPlatform3 SpatiallyLoaded:1 Bounds:IsValid=true, Min=(X=4200.000 Y=1050.000 Z=175.031), Max=(X=4600.000 Y=1450.000 Z=375.031) RuntimeGrid:None EditorOnly:0 RuntimeOnly:0 HLODRelevant:1 ListedInSceneOutliner:1 IsMainWorldOnly:0 FolderPath:MountainMobileParts FolderGuid:D1F42041464395191D9403A9AB7F8E39
 |   |   |- Guid:E8B9DFBD4255AC8BC000C8B5F2A12E3A BaseClass: NativeClass:/Script/Engine.StaticMeshActor Name:StaticMeshActor_UAID_C42360A09F9C3FF401_1336779924 Label:MovingPlatform2 SpatiallyLoaded:1 Bounds:IsValid=true, Min=(X=4200.000 Y=1800.000 Z=175.031), Max=(X=4600.000 Y=2200.000 Z=375.031) RuntimeGrid:None EditorOnly:0 RuntimeOnly:0 HLODRelevant:1 ListedInSceneOutliner:1 IsMainWorldOnly:0 FolderPath:MountainMobileParts FolderGuid:D1F42041464395191D9403A9AB7F8E39
 |   |   |- Guid:EC0BAC624E0DA58F07AE3F960B904529 BaseClass: NativeClass:/Script/Engine.StaticMeshActor Name:StaticMeshActor_UAID_C42360A09F9C3DF401_2087957560 Label:SM_Cube14 SpatiallyLoaded:1 Bounds:IsValid=true, Min=(X=1900.000 Y=1100.143 Z=-24.969), Max=(X=3800.000 Y=3000.143 Z=1375.031) RuntimeGrid:None EditorOnly:0 RuntimeOnly:0 HLODRelevant:1 ListedInSceneOutliner:1 IsMainWorldOnly:0 FolderPath:MountainBase FolderGuid:D5E5F10144FAA9EA6D9217945097556E
 |   |   |- Guid:EC4E0C944CE6AC6E784BC6BB2916EA13 BaseClass: NativeClass:/Script/Engine.StaticMeshActor Name:StaticMeshActor_UAID_A4AE111137DC5EFB00_1110535423 Label:SM_SkySphere SpatiallyLoaded:0 Bounds:IsValid=true, Min=(X=-1632650.000 Y=-1638400.000 Z=-1638400.000), Max=(X=1644150.000 Y=1638400.000 Z=1638400.000) RuntimeGrid:None EditorOnly:0 RuntimeOnly:0 HLODRelevant:1 ListedInSceneOutliner:1 IsMainWorldOnly:0 FolderPath:Lighting FolderGuid:963EC3EB4002CCE9759E2EBA541A873A
 |   |   |- Guid:EFFAC23E4A6C78691C74848FB14FDB9E BaseClass: NativeClass:/Script/Engine.StaticMeshActor Name:StaticMeshActor_UAID_C42360A09F9C3EF401_1868739742 Label:SM_Cube19 SpatiallyLoaded:1 Bounds:IsValid=true, Min=(X=1900.000 Y=0.000 Z=-24.969), Max=(X=4200.000 Y=500.000 Z=375.031) RuntimeGrid:None EditorOnly:0 RuntimeOnly:0 HLODRelevant:1 ListedInSceneOutliner:1 IsMainWorldOnly:0 FolderPath:MountainBase FolderGuid:D5E5F10144FAA9EA6D9217945097556E
 |   |   |- Guid:F41CD2804BB155E7E99B94882EAFDAF1 BaseClass: NativeClass:/Script/Engine.StaticMeshActor Name:StaticMeshActor_UAID_C42360A09F9C3FF401_1236053922 Label:SM_Cube22 SpatiallyLoaded:1 Bounds:IsValid=true, Min=(X=4200.000 Y=0.143 Z=-24.969), Max=(X=4900.000 Y=700.143 Z=375.031) RuntimeGrid:None EditorOnly:0 RuntimeOnly:0 HLODRelevant:1 ListedInSceneOutliner:1 IsMainWorldOnly:0 FolderPath:MountainBase FolderGuid:D5E5F10144FAA9EA6D9217945097556E
 |   |   |- Guid:F5E3FEB3450C49844FD93DA8E083C8AD BaseClass: NativeClass:/Script/Engine.PostProcessVolume Name:PostProcessVolume_0 Label:PostProcessVolume SpatiallyLoaded:0 Bounds:IsValid=true, Min=(X=5750.000 Y=0.000 Z=400.000), Max=(X=5950.000 Y=200.000 Z=600.000) RuntimeGrid:None EditorOnly:0 RuntimeOnly:0 HLODRelevant:0 ListedInSceneOutliner:1 IsMainWorldOnly:0 FolderPath:Lighting FolderGuid:963EC3EB4002CCE9759E2EBA541A873A
 |   |- [+] Clusters:
 |   |   |- [+] [  0]
 |   |   |   |- Guid:0C577F004F8D5464E9E5F0950DEC0923 BaseClass: NativeClass:/Script/Engine.StaticMeshActor Name:StaticMeshActor_UAID_C42360A09F9C40F401_1345630110 Label:SM_QuarterCylinder17 SpatiallyLoaded:1 Bounds:IsValid=true, Min=(X=850.000 Y=4000.000 Z=-24.969), Max=(X=1050.000 Y=4200.000 Z=875.031) RuntimeGrid:None EditorOnly:0 RuntimeOnly:0 HLODRelevant:1 ListedInSceneOutliner:1 IsMainWorldOnly:0 FolderPath:MountainBase FolderGuid:D5E5F10144FAA9EA6D9217945097556E
 |   |   |- [+] [  1]
 |   |   |   |- Guid:0D04DA6840A1407FA95234891E554222 BaseClass: NativeClass:/Script/Engine.StaticMeshActor Name:StaticMeshActor_UAID_C42360A09F9C3FF401_1863128927 Label:SM_Cube24 SpatiallyLoaded:1 Bounds:IsValid=true, Min=(X=1900.000 Y=500.000 Z=-24.969), Max=(X=4200.000 Y=1100.000 Z=775.031) RuntimeGrid:None EditorOnly:0 RuntimeOnly:0 HLODRelevant:1 ListedInSceneOutliner:1 IsMainWorldOnly:0 FolderPath:MountainBase FolderGuid:D5E5F10144FAA9EA6D9217945097556E
 |   |   |- [+] [  2]
 |   |   |   |- Guid:1A21AA1141355FA3B9EA90992923F13F BaseClass: NativeClass:/Script/Engine.StaticMeshActor Name:StaticMeshActor_UAID_C42360A09F9C40F401_1737655113 Label:MovingPlatform5 SpatiallyLoaded:1 Bounds:IsValid=true, Min=(X=3800.000 Y=1450.000 Z=825.031), Max=(X=4200.000 Y=1850.000 Z=1225.031) RuntimeGrid:None EditorOnly:0 RuntimeOnly:0 HLODRelevant:1 ListedInSceneOutliner:1 IsMainWorldOnly:0 FolderPath:MountainMobileParts FolderGuid:D1F42041464395191D9403A9AB7F8E39
 |   |   |- [+] [  3]
 |   |   |   |- Guid:1D3B682745F7B15A3F192AAF9EB7856E BaseClass: NativeClass:/Script/Engine.StaticMeshActor Name:StaticMeshActor_UAID_C42360A09F9C3EF401_1385842739 Label:SM_Ramp4 SpatiallyLoaded:1 Bounds:IsValid=true, Min=(X=1900.000 Y=3500.000 Z=-24.969), Max=(X=4200.000 Y=4000.000 Z=375.031) RuntimeGrid:None EditorOnly:0 RuntimeOnly:0 HLODRelevant:1 ListedInSceneOutliner:1 IsMainWorldOnly:0 FolderPath:MountainBase FolderGuid:D5E5F10144FAA9EA6D9217945097556E
 |   |   |- [+] [  4]
 |   |   |   |- Guid:25A5EDA740CA292A00AD7AB11B013C25 BaseClass: NativeClass:/Script/Engine.StaticMeshActor Name:StaticMeshActor_UAID_C42360A09F9C3EF401_1891559743 Label:SM_Cube20 SpatiallyLoaded:1 Bounds:IsValid=true, Min=(X=0.000 Y=-700.000 Z=-122.000), Max=(X=6200.000 Y=4900.000 Z=-22.000) RuntimeGrid:None EditorOnly:0 RuntimeOnly:0 HLODRelevant:1 ListedInSceneOutliner:1 IsMainWorldOnly:0 FolderPath:MountainBase FolderGuid:D5E5F10144FAA9EA6D9217945097556E
 |   |   |- [+] [  5]
 |   |   |   |- Guid:2FB58999456391D349DC0F86DAC136ED BaseClass: NativeClass:/Script/Engine.SkyLight Name:SkyLight_1 Label:SkyLight SpatiallyLoaded:0 Bounds:IsValid=true, Min=(X=5750.000 Y=0.000 Z=690.000), Max=(X=5750.000 Y=0.000 Z=690.000) RuntimeGrid:None EditorOnly:0 RuntimeOnly:0 HLODRelevant:0 ListedInSceneOutliner:1 IsMainWorldOnly:0 FolderPath:Lighting FolderGuid:963EC3EB4002CCE9759E2EBA541A873A
 |   |   |- [+] [  6]
 |   |   |   |- Guid:316CF2A6494ACA4C0E4180A87D36AB8F BaseClass: NativeClass:/Script/Engine.ExponentialHeightFog Name:ExponentialHeightFog_0 Label:ExponentialHeightFog SpatiallyLoaded:0 Bounds:IsValid=true, Min=(X=150.000 Y=-50.000 Z=-6850.000), Max=(X=150.000 Y=-50.000 Z=-6850.000) RuntimeGrid:None EditorOnly:0 RuntimeOnly:0 HLODRelevant:0 ListedInSceneOutliner:1 IsMainWorldOnly:0 FolderPath:Lighting FolderGuid:963EC3EB4002CCE9759E2EBA541A873A
 |   |   |- [+] [  7]
 |   |   |   |- Guid:3A00AA1C422CE54C0BDB60BAF471BFBB BaseClass: NativeClass:/Script/Engine.PlayerStart Name:PlayerStart_0 Label:PlayerStart SpatiallyLoaded:0 Bounds:IsValid=true, Min=(X=5610.000 Y=-30.000 Z=0.013), Max=(X=5690.000 Y=50.000 Z=184.013) RuntimeGrid:None EditorOnly:0 RuntimeOnly:0 HLODRelevant:0 ListedInSceneOutliner:1 IsMainWorldOnly:0
 |   |   |- [+] [  8]
 |   |   |   |- Guid:403C10A24E72A1F197A7D1BE97227823 BaseClass: NativeClass:/Script/Engine.StaticMeshActor Name:StaticMeshActor_UAID_C42360A09F9C40F401_1345630111 Label:SM_QuarterCylinder18 SpatiallyLoaded:1 Bounds:IsValid=true, Min=(X=850.000 Y=4200.000 Z=-24.969), Max=(X=1050.000 Y=4400.000 Z=875.031) RuntimeGrid:None EditorOnly:0 RuntimeOnly:0 HLODRelevant:1 ListedInSceneOutliner:1 IsMainWorldOnly:0 FolderPath:MountainBase FolderGuid:D5E5F10144FAA9EA6D9217945097556E
 |   |   |- [+] [  9]
 |   |   |   |- Guid:4B47B9C045E93A829570C9ACE3961134 BaseClass: NativeClass:/Script/Engine.StaticMeshActor Name:StaticMeshActor_UAID_C42360A09F9C3FF401_2062891930 Label:SM_Cube27 SpatiallyLoaded:1 Bounds:IsValid=true, Min=(X=1900.000 Y=3000.000 Z=-24.969), Max=(X=3800.000 Y=3500.000 Z=775.031) RuntimeGrid:None EditorOnly:0 RuntimeOnly:0 HLODRelevant:1 ListedInSceneOutliner:1 IsMainWorldOnly:0 FolderPath:MountainBase FolderGuid:D5E5F10144FAA9EA6D9217945097556E
 |   |   |- [+] [ 10]
 |   |   |   |- Guid:4C81A8BB4F4732B441CB3B97917FA0BC BaseClass: NativeClass:/Script/Engine.StaticMeshActor Name:StaticMeshActor_UAID_C42360A09F9C40F401_1345625108 Label:SM_QuarterCylinder15 SpatiallyLoaded:1 Bounds:IsValid=true, Min=(X=650.000 Y=4000.000 Z=-24.969), Max=(X=850.000 Y=4200.000 Z=875.031) RuntimeGrid:None EditorOnly:0 RuntimeOnly:0 HLODRelevant:1 ListedInSceneOutliner:1 IsMainWorldOnly:0 FolderPath:MountainBase FolderGuid:D5E5F10144FAA9EA6D9217945097556E
 |   |   |- [+] [ 11]
 |   |   |   |- Guid:4D3BE93F4146AAAC8BBE79999D96D57F BaseClass: NativeClass:/Script/Engine.VolumetricCloud Name:VolumetricCloud_0 Label:VolumetricCloud SpatiallyLoaded:0 Bounds:IsValid=true, Min=(X=5750.000 Y=0.000 Z=820.000), Max=(X=5750.000 Y=0.000 Z=820.000) RuntimeGrid:None EditorOnly:0 RuntimeOnly:0 HLODRelevant:0 ListedInSceneOutliner:1 IsMainWorldOnly:0 FolderPath:Lighting FolderGuid:963EC3EB4002CCE9759E2EBA541A873A
 |   |   |- [+] [ 12]
 |   |   |   |- Guid:4EA05CF54D1B112B097EEAB487FAD3B6 BaseClass: NativeClass:/Script/Engine.StaticMeshActor Name:StaticMeshActor_UAID_C42360A09F9C40F401_1884129114 Label:SM_Cube28 SpatiallyLoaded:1 Bounds:IsValid=true, Min=(X=0.000 Y=-699.857 Z=-24.969), Max=(X=4900.000 Y=0.143 Z=375.031) RuntimeGrid:None EditorOnly:0 RuntimeOnly:0 HLODRelevant:1 ListedInSceneOutliner:1 IsMainWorldOnly:0 FolderPath:MountainBase FolderGuid:D5E5F10144FAA9EA6D9217945097556E
 |   |   |- [+] [ 13]
 |   |   |   |- Guid:5B97F4A64FB21F77EFC44386BF705B4C BaseClass: NativeClass:/Script/Engine.TextRenderActor Name:TextRenderActor_1 Label:TextRenderActor SpatiallyLoaded:1 Bounds:IsValid=true, Min=(X=-0.100 Y=1100.000 Z=65.013), Max=(X=-0.100 Y=2392.308 Z=215.013) RuntimeGrid:None EditorOnly:0 RuntimeOnly:0 HLODRelevant:0 ListedInSceneOutliner:1 IsMainWorldOnly:0
 |   |   |- [+] [ 14]
 |   |   |   |- Guid:5F967BD949849A699CB61884325E534F BaseClass: NativeClass:/Script/Engine.StaticMeshActor Name:StaticMeshActor_UAID_C42360A09F9C3FF401_1093506921 Label:SM_Cube21 SpatiallyLoaded:1 Bounds:IsValid=true, Min=(X=0.000 Y=1100.000 Z=-24.969), Max=(X=1900.000 Y=3500.000 Z=1375.031) RuntimeGrid:None EditorOnly:0 RuntimeOnly:0 HLODRelevant:1 ListedInSceneOutliner:1 IsMainWorldOnly:0 FolderPath:MountainBase FolderGuid:D5E5F10144FAA9EA6D9217945097556E
 |   |   |- [+] [ 15]
 |   |   |   |- Guid:6BAF4DDD444C60371492D3919DB42C97 BaseClass: NativeClass:/Script/Engine.WorldDataLayers Name:WorldDataLayers Label:WorldDataLayers SpatiallyLoaded:0 Bounds:Invalid RuntimeGrid:None EditorOnly:0 RuntimeOnly:0 HLODRelevant:0 ListedInSceneOutliner:1 IsMainWorldOnly:1
 |   |   |- [+] [ 16]
 |   |   |   |- Guid:887CA37C4B70176B9DA1CFACAA5F3F30 BaseClass: NativeClass:/Script/Engine.StaticMeshActor Name:StaticMeshActor_UAID_C42360A09F9C3FF401_2004092929 Label:SM_Cube26 SpatiallyLoaded:1 Bounds:IsValid=true, Min=(X=0.000 Y=0.000 Z=-24.969), Max=(X=1300.000 Y=1100.000 Z=1375.031) RuntimeGrid:None EditorOnly:0 RuntimeOnly:0 HLODRelevant:1 ListedInSceneOutliner:1 IsMainWorldOnly:0 FolderPath:MountainBase FolderGuid:D5E5F10144FAA9EA6D9217945097556E
 |   |   |- [+] [ 17]
 |   |   |   |- Guid:92552F2A4416A684851219AFF30B34BB BaseClass: NativeClass:/Script/Engine.StaticMeshActor Name:StaticMeshActor_UAID_C42360A09F9C3FF401_1894892928 Label:SM_Cube25 SpatiallyLoaded:1 Bounds:IsValid=true, Min=(X=3800.000 Y=1100.000 Z=-24.969), Max=(X=4200.000 Y=3500.000 Z=775.031) RuntimeGrid:None EditorOnly:0 RuntimeOnly:0 HLODRelevant:1 ListedInSceneOutliner:1 IsMainWorldOnly:0 FolderPath:MountainBase FolderGuid:D5E5F10144FAA9EA6D9217945097556E
 |   |   |- [+] [ 18]
 |   |   |   |- Guid:9687427C4062A621418BE7950042C397 BaseClass: NativeClass:/Script/Engine.StaticMeshActor Name:StaticMeshActor_UAID_C42360A09F9C3FF401_2078660931 Label:SM_Ramp6 SpatiallyLoaded:1 Bounds:IsValid=true, Min=(X=1900.000 Y=3000.000 Z=775.031), Max=(X=3800.000 Y=3500.000 Z=1375.031) RuntimeGrid:None EditorOnly:0 RuntimeOnly:0 HLODRelevant:1 ListedInSceneOutliner:1 IsMainWorldOnly:0 FolderPath:MountainBase FolderGuid:D5E5F10144FAA9EA6D9217945097556E
 |   |   |- [+] [ 19]
 |   |   |   |- Guid:9841549D4DE31ACA3773E7B631D29FB7 BaseClass: NativeClass:/Script/Engine.StaticMeshActor Name:StaticMeshActor_UAID_C42360A09F9C40F401_1708711112 Label:MovingPlatform4 SpatiallyLoaded:1 Bounds:IsValid=true, Min=(X=3800.000 Y=2250.000 Z=825.031), Max=(X=4200.000 Y=2650.000 Z=1225.031) RuntimeGrid:None EditorOnly:0 RuntimeOnly:0 HLODRelevant:1 ListedInSceneOutliner:1 IsMainWorldOnly:0 FolderPath:MountainMobileParts FolderGuid:D1F42041464395191D9403A9AB7F8E39
 |   |   |- [+] [ 20]
 |   |   |   |- Guid:9BD4FDBC453FA170599E8B9C2D3823C4 BaseClass: NativeClass:/Script/Engine.StaticMeshActor Name:StaticMeshActor_UAID_C42360A09F9C40F401_1345629109 Label:SM_QuarterCylinder16 SpatiallyLoaded:1 Bounds:IsValid=true, Min=(X=650.000 Y=4200.000 Z=-24.969), Max=(X=850.000 Y=4400.000 Z=875.031) RuntimeGrid:None EditorOnly:0 RuntimeOnly:0 HLODRelevant:1 ListedInSceneOutliner:1 IsMainWorldOnly:0 FolderPath:MountainBase FolderGuid:D5E5F10144FAA9EA6D9217945097556E
 |   |   |- [+] [ 21]
 |   |   |   |- Guid:AA278B3148F3E834E86D00838CE2B87F BaseClass: NativeClass:/Script/Engine.StaticMeshActor Name:StaticMeshActor_UAID_C42360A09F9C3FF401_1827750926 Label:SM_Cube23 SpatiallyLoaded:1 Bounds:IsValid=true, Min=(X=1300.000 Y=0.000 Z=-24.969), Max=(X=1900.000 Y=1100.000 Z=775.031) RuntimeGrid:None EditorOnly:0 RuntimeOnly:0 HLODRelevant:1 ListedInSceneOutliner:1 IsMainWorldOnly:0 FolderPath:MountainBase FolderGuid:D5E5F10144FAA9EA6D9217945097556E
 |   |   |- [+] [ 22]
 |   |   |   |- Guid:B14D3B6D492E4ADED9EB6083B3FAE832 BaseClass: NativeClass:/Script/Engine.StaticMeshActor Name:StaticMeshActor_UAID_C42360A09F9C3EF401_1517052740 Label:SM_Cube17 SpatiallyLoaded:1 Bounds:IsValid=true, Min=(X=4200.000 Y=3300.000 Z=-24.969), Max=(X=4900.000 Y=4000.000 Z=375.031) RuntimeGrid:None EditorOnly:0 RuntimeOnly:0 HLODRelevant:1 ListedInSceneOutliner:1 IsMainWorldOnly:0 FolderPath:MountainBase FolderGuid:D5E5F10144FAA9EA6D9217945097556E
 |   |   |- [+] [ 23]
 |   |   |   |- Guid:B785ED2844B84CFB91E7F39FE661CD99 BaseClass: NativeClass:/Script/Engine.DirectionalLight Name:DirectionalLight_0 Label:DirectionalLight SpatiallyLoaded:0 Bounds:IsValid=true, Min=(X=-4398046511104.000 Y=-4398046511104.000 Z=-4398046511104.000), Max=(X=4398046511104.000 Y=4398046511104.000 Z=4398046511104.000) RuntimeGrid:None EditorOnly:0 RuntimeOnly:0 HLODRelevant:0 ListedInSceneOutliner:1 IsMainWorldOnly:0 FolderPath:Lighting FolderGuid:963EC3EB4002CCE9759E2EBA541A873A
 |   |   |- [+] [ 24]
 |   |   |   |- Guid:C41D25D44E335D23E0ADCFB7FDE623E8 BaseClass: NativeClass:/Script/Engine.StaticMeshActor Name:StaticMeshActor_UAID_C42360A09F9C3EF401_2114345744 Label:SM_Ramp5 SpatiallyLoaded:1 Bounds:IsValid=true, Min=(X=1900.000 Y=-0.000 Z=375.031), Max=(X=4200.000 Y=500.000 Z=775.031) RuntimeGrid:None EditorOnly:0 RuntimeOnly:0 HLODRelevant:1 ListedInSceneOutliner:1 IsMainWorldOnly:0 FolderPath:MountainBase FolderGuid:D5E5F10144FAA9EA6D9217945097556E
 |   |   |- [+] [ 25]
 |   |   |   |- Guid:C7BA81BC4ABA1FD094445EB744E19010 BaseClass: NativeClass:/Script/Engine.StaticMeshActor Name:StaticMeshActor_UAID_C42360A09F9C40F401_2014612115 Label:SM_ChamferCube4 SpatiallyLoaded:1 Bounds:IsValid=true, Min=(X=550.000 Y=-500.000 Z=375.531), Max=(X=650.000 Y=-400.000 Z=475.531) RuntimeGrid:None EditorOnly:0 RuntimeOnly:0 HLODRelevant:0 ListedInSceneOutliner:1 IsMainWorldOnly:0 FolderPath:MountainMobileParts FolderGuid:D1F42041464395191D9403A9AB7F8E39
 |   |   |- [+] [ 26]
 |   |   |   |- Guid:CCFF262C46EEFFDF319E7F9539CE697E BaseClass: NativeClass:/Script/Engine.SkyAtmosphere Name:SkyAtmosphere_0 Label:SkyAtmosphere SpatiallyLoaded:0 Bounds:IsValid=true, Min=(X=5750.000 Y=0.000 Z=1020.000), Max=(X=5750.000 Y=0.000 Z=1020.000) RuntimeGrid:None EditorOnly:0 RuntimeOnly:0 HLODRelevant:0 ListedInSceneOutliner:1 IsMainWorldOnly:0 FolderPath:Lighting FolderGuid:963EC3EB4002CCE9759E2EBA541A873A
 |   |   |- [+] [ 27]
 |   |   |   |- Guid:D3AE96D54FEB23AE70269189C7588A8E BaseClass: NativeClass:/Script/Engine.StaticMeshActor Name:StaticMeshActor_UAID_C42360A09F9C3FF401_1306884923 Label:MovingPlatform1 SpatiallyLoaded:1 Bounds:IsValid=true, Min=(X=4200.000 Y=2550.000 Z=175.031), Max=(X=4600.000 Y=2950.000 Z=375.031) RuntimeGrid:None EditorOnly:0 RuntimeOnly:0 HLODRelevant:1 ListedInSceneOutliner:1 IsMainWorldOnly:0 FolderPath:MountainMobileParts FolderGuid:D1F42041464395191D9403A9AB7F8E39
 |   |   |- [+] [ 28]
 |   |   |   |- Guid:E6A5420E45089701502433AF1C35029C BaseClass: NativeClass:/Script/Engine.StaticMeshActor Name:StaticMeshActor_UAID_C42360A09F9C3FF401_1341461925 Label:MovingPlatform3 SpatiallyLoaded:1 Bounds:IsValid=true, Min=(X=4200.000 Y=1050.000 Z=175.031), Max=(X=4600.000 Y=1450.000 Z=375.031) RuntimeGrid:None EditorOnly:0 RuntimeOnly:0 HLODRelevant:1 ListedInSceneOutliner:1 IsMainWorldOnly:0 FolderPath:MountainMobileParts FolderGuid:D1F42041464395191D9403A9AB7F8E39
 |   |   |- [+] [ 29]
 |   |   |   |- Guid:E8B9DFBD4255AC8BC000C8B5F2A12E3A BaseClass: NativeClass:/Script/Engine.StaticMeshActor Name:StaticMeshActor_UAID_C42360A09F9C3FF401_1336779924 Label:MovingPlatform2 SpatiallyLoaded:1 Bounds:IsValid=true, Min=(X=4200.000 Y=1800.000 Z=175.031), Max=(X=4600.000 Y=2200.000 Z=375.031) RuntimeGrid:None EditorOnly:0 RuntimeOnly:0 HLODRelevant:1 ListedInSceneOutliner:1 IsMainWorldOnly:0 FolderPath:MountainMobileParts FolderGuid:D1F42041464395191D9403A9AB7F8E39
 |   |   |- [+] [ 30]
 |   |   |   |- Guid:EC0BAC624E0DA58F07AE3F960B904529 BaseClass: NativeClass:/Script/Engine.StaticMeshActor Name:StaticMeshActor_UAID_C42360A09F9C3DF401_2087957560 Label:SM_Cube14 SpatiallyLoaded:1 Bounds:IsValid=true, Min=(X=1900.000 Y=1100.143 Z=-24.969), Max=(X=3800.000 Y=3000.143 Z=1375.031) RuntimeGrid:None EditorOnly:0 RuntimeOnly:0 HLODRelevant:1 ListedInSceneOutliner:1 IsMainWorldOnly:0 FolderPath:MountainBase FolderGuid:D5E5F10144FAA9EA6D9217945097556E
 |   |   |- [+] [ 31]
 |   |   |   |- Guid:EC4E0C944CE6AC6E784BC6BB2916EA13 BaseClass: NativeClass:/Script/Engine.StaticMeshActor Name:StaticMeshActor_UAID_A4AE111137DC5EFB00_1110535423 Label:SM_SkySphere SpatiallyLoaded:0 Bounds:IsValid=true, Min=(X=-1632650.000 Y=-1638400.000 Z=-1638400.000), Max=(X=1644150.000 Y=1638400.000 Z=1638400.000) RuntimeGrid:None EditorOnly:0 RuntimeOnly:0 HLODRelevant:1 ListedInSceneOutliner:1 IsMainWorldOnly:0 FolderPath:Lighting FolderGuid:963EC3EB4002CCE9759E2EBA541A873A
 |   |   |- [+] [ 32]
 |   |   |   |- Guid:EFFAC23E4A6C78691C74848FB14FDB9E BaseClass: NativeClass:/Script/Engine.StaticMeshActor Name:StaticMeshActor_UAID_C42360A09F9C3EF401_1868739742 Label:SM_Cube19 SpatiallyLoaded:1 Bounds:IsValid=true, Min=(X=1900.000 Y=0.000 Z=-24.969), Max=(X=4200.000 Y=500.000 Z=375.031) RuntimeGrid:None EditorOnly:0 RuntimeOnly:0 HLODRelevant:1 ListedInSceneOutliner:1 IsMainWorldOnly:0 FolderPath:MountainBase FolderGuid:D5E5F10144FAA9EA6D9217945097556E
 |   |   |- [+] [ 33]
 |   |   |   |- Guid:F41CD2804BB155E7E99B94882EAFDAF1 BaseClass: NativeClass:/Script/Engine.StaticMeshActor Name:StaticMeshActor_UAID_C42360A09F9C3FF401_1236053922 Label:SM_Cube22 SpatiallyLoaded:1 Bounds:IsValid=true, Min=(X=4200.000 Y=0.143 Z=-24.969), Max=(X=4900.000 Y=700.143 Z=375.031) RuntimeGrid:None EditorOnly:0 RuntimeOnly:0 HLODRelevant:1 ListedInSceneOutliner:1 IsMainWorldOnly:0 FolderPath:MountainBase FolderGuid:D5E5F10144FAA9EA6D9217945097556E
 |   |   |- [+] [ 34]
 |   |   |   |- Guid:F5E3FEB3450C49844FD93DA8E083C8AD BaseClass: NativeClass:/Script/Engine.PostProcessVolume Name:PostProcessVolume_0 Label:PostProcessVolume SpatiallyLoaded:0 Bounds:IsValid=true, Min=(X=5750.000 Y=0.000 Z=400.000), Max=(X=5950.000 Y=200.000 Z=600.000) RuntimeGrid:None EditorOnly:0 RuntimeOnly:0 HLODRelevant:0 ListedInSceneOutliner:1 IsMainWorldOnly:0 FolderPath:Lighting FolderGuid:963EC3EB4002CCE9759E2EBA541A873A
 |- ContainerInstances:
 |- [+] MainContainer:
 |   |-        ID: 00000000000000000000000000000000
 |   |-  ParentID: 00000000000000000000000000000000
 |   |-    Bounds: IsValid=false, Min=(X=0.000 Y=0.000 Z=0.000), Max=(X=0.000 Y=0.000 Z=0.000)
 |   |- Transform: 0.000000,0.000000,0.000000|0.000000,0.000000,-0.000000|1.000000,1.000000,1.000000
 |   |- Container: /Game/ThirdPerson/Maps/ThirdPersonMap
----------------------------------------------------------------------------------------------------------------
ThirdPersonMap - Persistent Level
----------------------------------------------------------------------------------------------------------------
[+] Content of ThirdPersonMap Persistent Level
 |- Always loaded Actor Count: 42 
 |- Actor Path: /Game/ThirdPerson/Maps/ThirdPersonMap.ThirdPersonMap:PersistentLevel.AbstractNavData-Default
 |- Actor Package: /Game/ThirdPerson/Maps/ThirdPersonMap
 |- Actor Path: /Game/ThirdPerson/Maps/ThirdPersonMap.ThirdPersonMap:PersistentLevel.Brush_0
 |- Actor Package: /Game/ThirdPerson/Maps/ThirdPersonMap
 |- Actor Path: /Game/ThirdPerson/Maps/ThirdPersonMap.ThirdPersonMap:PersistentLevel.DefaultPhysicsVolume_0
 |- Actor Package: /Game/ThirdPerson/Maps/ThirdPersonMap
 |- Actor Path: /Game/ThirdPerson/Maps/ThirdPersonMap.ThirdPersonMap:PersistentLevel.DirectionalLight_0
 |- Actor Package: /Game/__ExternalActors__/ThirdPerson/Maps/ThirdPersonMap/5/R1/TS5OQ5CRUWFZYL1ZQ7I416
 |- Actor Path: /Game/ThirdPerson/Maps/ThirdPersonMap.ThirdPersonMap:PersistentLevel.ExponentialHeightFog_0
 |- Actor Package: /Game/__ExternalActors__/ThirdPerson/Maps/ThirdPersonMap/6/J7/N10XDC9G27EMLS5AGZ6AVV
 |- Actor Path: /Game/ThirdPerson/Maps/ThirdPersonMap.ThirdPersonMap:PersistentLevel.GameplayDebuggerPlayerManager_0
 |- Actor Package: /Game/ThirdPerson/Maps/ThirdPersonMap
 |- Actor Path: /Game/ThirdPerson/Maps/ThirdPersonMap.ThirdPersonMap:PersistentLevel.PlayerStart_0
 |- Actor Package: /Game/__ExternalActors__/ThirdPerson/Maps/ThirdPersonMap/D/DE/SWSI13675DVYIZ0N4NF7Y3
 |- Actor Path: /Game/ThirdPerson/Maps/ThirdPersonMap.ThirdPersonMap:PersistentLevel.PostProcessVolume_0
 |- Actor Package: /Game/__ExternalActors__/ThirdPerson/Maps/ThirdPersonMap/1/AZ/A7GPT109Y6ZTTJD4A7TXER
 |- Actor Path: /Game/ThirdPerson/Maps/ThirdPersonMap.ThirdPersonMap:PersistentLevel.SkyAtmosphere_0
 |- Actor Package: /Game/__ExternalActors__/ThirdPerson/Maps/ThirdPersonMap/4/LN/30UBDLYFFA5ZR7U4W4L4GG
 |- Actor Path: /Game/ThirdPerson/Maps/ThirdPersonMap.ThirdPersonMap:PersistentLevel.SkyLight_1
 |- Actor Package: /Game/__ExternalActors__/ThirdPerson/Maps/ThirdPersonMap/8/S1/DXUWD12MD3HRWVVXX076BY
 |- Actor Path: /Game/ThirdPerson/Maps/ThirdPersonMap.ThirdPersonMap:PersistentLevel.StaticMeshActor_UAID_A4AE111137DC5EFB00_1110535423
 |- Actor Package: /Game/__ExternalActors__/ThirdPerson/Maps/ThirdPersonMap/4/PN/2QISIGK5DJNQ05US8O8FXW
 |- Actor Path: /Game/ThirdPerson/Maps/ThirdPersonMap.ThirdPersonMap:PersistentLevel.StaticMeshActor_UAID_C42360A09F9C3DF401_2087957560
 |- Actor Package: /Game/__ExternalActors__/ThirdPerson/Maps/ThirdPersonMap/2/B4/1G07CACRY2YXUXERTXNZQV
 |- Actor Path: /Game/ThirdPerson/Maps/ThirdPersonMap.ThirdPersonMap:PersistentLevel.StaticMeshActor_UAID_C42360A09F9C3EF401_1385842739
 |- Actor Package: /Game/__ExternalActors__/ThirdPerson/Maps/ThirdPersonMap/D/UQ/D9R9MTTLFDHZVDSME4HX1Q
 |- Actor Path: /Game/ThirdPerson/Maps/ThirdPersonMap.ThirdPersonMap:PersistentLevel.StaticMeshActor_UAID_C42360A09F9C3EF401_1517052740
 |- Actor Package: /Game/__ExternalActors__/ThirdPerson/Maps/ThirdPersonMap/B/74/U1D4OOODQ99BUA7O3CRWTC
 |- Actor Path: /Game/ThirdPerson/Maps/ThirdPersonMap.ThirdPersonMap:PersistentLevel.StaticMeshActor_UAID_C42360A09F9C3EF401_1868739742
 |- Actor Package: /Game/__ExternalActors__/ThirdPerson/Maps/ThirdPersonMap/8/2T/8M7JFXBAR7JZ74IP7DFHXZ
 |- Actor Path: /Game/ThirdPerson/Maps/ThirdPersonMap.ThirdPersonMap:PersistentLevel.StaticMeshActor_UAID_C42360A09F9C3EF401_1891559743
 |- Actor Package: /Game/__ExternalActors__/ThirdPerson/Maps/ThirdPersonMap/6/1W/VV0TSFG4Z93F51DDS7HL11
 |- Actor Path: /Game/ThirdPerson/Maps/ThirdPersonMap.ThirdPersonMap:PersistentLevel.StaticMeshActor_UAID_C42360A09F9C3EF401_2114345744
 |- Actor Package: /Game/__ExternalActors__/ThirdPerson/Maps/ThirdPersonMap/7/Y5/H780EG28GF4F3ZT5Y91QFD
 |- Actor Path: /Game/ThirdPerson/Maps/ThirdPersonMap.ThirdPersonMap:PersistentLevel.StaticMeshActor_UAID_C42360A09F9C3FF401_1093506921
 |- Actor Package: /Game/__ExternalActors__/ThirdPerson/Maps/ThirdPersonMap/0/Q6/9VDB69KKA6ENTLP5HMR3ZE
 |- Actor Path: /Game/ThirdPerson/Maps/ThirdPersonMap.ThirdPersonMap:PersistentLevel.StaticMeshActor_UAID_C42360A09F9C3FF401_1236053922
 |- Actor Package: /Game/__ExternalActors__/ThirdPerson/Maps/ThirdPersonMap/C/BM/ZQQH59O3IP66GNZRJS2VUD
 |- Actor Path: /Game/ThirdPerson/Maps/ThirdPersonMap.ThirdPersonMap:PersistentLevel.StaticMeshActor_UAID_C42360A09F9C3FF401_1306884923
 |- Actor Package: /Game/__ExternalActors__/ThirdPerson/Maps/ThirdPersonMap/5/ZV/2QX7NY3XB8WZT8W3PIVV98
 |- Actor Path: /Game/ThirdPerson/Maps/ThirdPersonMap.ThirdPersonMap:PersistentLevel.StaticMeshActor_UAID_C42360A09F9C3FF401_1336779924
 |- Actor Package: /Game/__ExternalActors__/ThirdPerson/Maps/ThirdPersonMap/D/04/OTXIUDKFD2PPHYQI88UE99
 |- Actor Path: /Game/ThirdPerson/Maps/ThirdPersonMap.ThirdPersonMap:PersistentLevel.StaticMeshActor_UAID_C42360A09F9C3FF401_1341461925
 |- Actor Package: /Game/__ExternalActors__/ThirdPerson/Maps/ThirdPersonMap/4/2L/A98TMYAXZ6J3X4H1XMLBFY
 |- Actor Path: /Game/ThirdPerson/Maps/ThirdPersonMap.ThirdPersonMap:PersistentLevel.StaticMeshActor_UAID_C42360A09F9C3FF401_1827750926
 |- Actor Package: /Game/__ExternalActors__/ThirdPerson/Maps/ThirdPersonMap/2/DR/UIHW1HDAY1MJWHC0R52Q3J
 |- Actor Path: /Game/ThirdPerson/Maps/ThirdPersonMap.ThirdPersonMap:PersistentLevel.StaticMeshActor_UAID_C42360A09F9C3FF401_1863128927
 |- Actor Package: /Game/__ExternalActors__/ThirdPerson/Maps/ThirdPersonMap/0/NI/P3TJ5TR65BRR0QWW10976O
 |- Actor Path: /Game/ThirdPerson/Maps/ThirdPersonMap.ThirdPersonMap:PersistentLevel.StaticMeshActor_UAID_C42360A09F9C3FF401_1894892928
 |- Actor Package: /Game/__ExternalActors__/ThirdPerson/Maps/ThirdPersonMap/1/TN/9JSLJZ65Q6KBGIGJQ5G4N2
 |- Actor Path: /Game/ThirdPerson/Maps/ThirdPersonMap.ThirdPersonMap:PersistentLevel.StaticMeshActor_UAID_C42360A09F9C3FF401_2004092929
 |- Actor Package: /Game/__ExternalActors__/ThirdPerson/Maps/ThirdPersonMap/8/1W/06NUQC65HB7YFKQRIMOAXZ
 |- Actor Path: /Game/ThirdPerson/Maps/ThirdPersonMap.ThirdPersonMap:PersistentLevel.StaticMeshActor_UAID_C42360A09F9C3FF401_2062891930
 |- Actor Package: /Game/__ExternalActors__/ThirdPerson/Maps/ThirdPersonMap/B/RW/58YN9ADVQAL8ZTK4P5I3DI
 |- Actor Path: /Game/ThirdPerson/Maps/ThirdPersonMap.ThirdPersonMap:PersistentLevel.StaticMeshActor_UAID_C42360A09F9C3FF401_2078660931
 |- Actor Package: /Game/__ExternalActors__/ThirdPerson/Maps/ThirdPersonMap/3/2I/UQ83RQPSUQXKYVQGR1OS3R
 |- Actor Path: /Game/ThirdPerson/Maps/ThirdPersonMap.ThirdPersonMap:PersistentLevel.StaticMeshActor_UAID_C42360A09F9C40F401_1345625108
 |- Actor Package: /Game/__ExternalActors__/ThirdPerson/Maps/ThirdPersonMap/7/AE/MWTHPPAD2WS4NVS1Q5OSWN
 |- Actor Path: /Game/ThirdPerson/Maps/ThirdPersonMap.ThirdPersonMap:PersistentLevel.StaticMeshActor_UAID_C42360A09F9C40F401_1345629109
 |- Actor Package: /Game/__ExternalActors__/ThirdPerson/Maps/ThirdPersonMap/3/KV/U56AG2V4WB0AEAOXVS5KL5
 |- Actor Path: /Game/ThirdPerson/Maps/ThirdPersonMap.ThirdPersonMap:PersistentLevel.StaticMeshActor_UAID_C42360A09F9C40F401_1345630110
 |- Actor Package: /Game/__ExternalActors__/ThirdPerson/Maps/ThirdPersonMap/7/5H/40JTV5S1E1OK3K5ULKWB6S
 |- Actor Path: /Game/ThirdPerson/Maps/ThirdPersonMap.ThirdPersonMap:PersistentLevel.StaticMeshActor_UAID_C42360A09F9C40F401_1345630111
 |- Actor Package: /Game/__ExternalActors__/ThirdPerson/Maps/ThirdPersonMap/E/I5/8U7UU6F5BEJDLSTFBG5K4T
 |- Actor Path: /Game/ThirdPerson/Maps/ThirdPersonMap.ThirdPersonMap:PersistentLevel.StaticMeshActor_UAID_C42360A09F9C40F401_1708711112
 |- Actor Package: /Game/__ExternalActors__/ThirdPerson/Maps/ThirdPersonMap/8/D8/RKTSRNMYCGILLJ9R1W34LS
 |- Actor Path: /Game/ThirdPerson/Maps/ThirdPersonMap.ThirdPersonMap:PersistentLevel.StaticMeshActor_UAID_C42360A09F9C40F401_1737655113
 |- Actor Package: /Game/__ExternalActors__/ThirdPerson/Maps/ThirdPersonMap/3/ZF/5GE3RGT298YHB2WYQLA6WQ
 |- Actor Path: /Game/ThirdPerson/Maps/ThirdPersonMap.ThirdPersonMap:PersistentLevel.StaticMeshActor_UAID_C42360A09F9C40F401_1884129114
 |- Actor Package: /Game/__ExternalActors__/ThirdPerson/Maps/ThirdPersonMap/E/8E/Q1JGQT2DXVPZLMT8XDZSI9
 |- Actor Path: /Game/ThirdPerson/Maps/ThirdPersonMap.ThirdPersonMap:PersistentLevel.StaticMeshActor_UAID_C42360A09F9C40F401_2014612115
 |- Actor Package: /Game/__ExternalActors__/ThirdPerson/Maps/ThirdPersonMap/D/RL/YH0VZZ2X4WUTM8MS5RG3IN
 |- Actor Path: /Game/ThirdPerson/Maps/ThirdPersonMap.ThirdPersonMap:PersistentLevel.TextRenderActor_1
 |- Actor Package: /Game/__ExternalActors__/ThirdPerson/Maps/ThirdPersonMap/1/WU/NB37RT5Q32Z8MJWD8BD2SO
 |- Actor Path: /Game/ThirdPerson/Maps/ThirdPersonMap.ThirdPersonMap:PersistentLevel.ThirdPersonExampleMap_C_0
 |- Actor Package: /Game/ThirdPerson/Maps/ThirdPersonMap
 |- Actor Path: /Game/ThirdPerson/Maps/ThirdPersonMap.ThirdPersonMap:PersistentLevel.VolumetricCloud_0
 |- Actor Package: /Game/__ExternalActors__/ThirdPerson/Maps/ThirdPersonMap/3/EY/87SHEJN5UBEAN2K5OV1G6R
 |- Actor Path: /Game/ThirdPerson/Maps/ThirdPersonMap.ThirdPersonMap:PersistentLevel.WorldDataLayers
 |- Actor Package: /Game/__ExternalActors__/ThirdPerson/Maps/ThirdPersonMap/0/43/HYQWORMY4JDQ5X3OKZXFLC
 |- Actor Path: /Game/ThirdPerson/Maps/ThirdPersonMap.ThirdPersonMap:PersistentLevel.WorldInfo_0
 |- Actor Package: /Game/ThirdPerson/Maps/ThirdPersonMap
 |- Actor Path: /Game/ThirdPerson/Maps/ThirdPersonMap.ThirdPersonMap:PersistentLevel.WorldPartitionMiniMap_0
 |- Actor Package: /Game/__ExternalActors__/ThirdPerson/Maps/ThirdPersonMap/E/FR/LBG6LPN5JCL3FMVSI2CK6R

----------------------------------------------------------------------------------------------------------------
ThirdPersonMap - Runtime Spatial Hash - Streaming Grid - MainGrid
----------------------------------------------------------------------------------------------------------------
            Origin: X=0.000 Y=0.000 Z=0.000
         Cell Size: 12800
      World Bounds: IsValid=false, Min=(X=0.000 Y=0.000 Z=0.000), Max=(X=0.000 Y=0.000 Z=0.000)
     Loading Range: 25600.00
Block Slow Loading: No
 ClientOnlyVisible: No
            Origin: X=0.000 Y=0.000 Z=0.000

[+] Grid Levels: 1
 |- Level  0: Cell Count    0 | Cell Size   12800 | Actor Count    0 (0.0%)

[+] Content of Grid Level 0

